TN:
SF:src/lib/app-config.ts
FN:26,sectionFromPath
FNF:1
FNH:1
FNDA:6,sectionFromPath
DA:1,1
DA:2,1
DA:3,1
DA:4,1
DA:5,1
DA:6,1
DA:7,1
DA:8,1
DA:9,1
DA:10,1
DA:11,1
DA:12,1
DA:13,1
DA:14,1
DA:15,1
DA:17,1
DA:18,1
DA:19,1
DA:20,1
DA:21,1
DA:22,1
DA:23,1
DA:24,1
DA:26,1
DA:27,6
DA:29,6
DA:30,1
DA:31,1
DA:33,6
DA:34,6
LF:30
LH:30
BRDA:5,0,0,0
BRDA:26,1,0,6
BRDA:27,2,0,0
BRDA:29,3,0,1
BRDA:31,4,0,5
BRDA:33,5,0,1
BRF:6
BRH:4
end_of_record
TN:
SF:src/lib/performance.ts
FN:6,round
FN:10,delta
FN:18,kilobytes
FN:26,shortName
FN:35,max
FN:39,getServerTiming
FN:45,getDeliveryType
FN:53,createTimingRecordBase
FN:82,navigationToRecord
FN:95,resourceToRecord
FN:108,formatMilliseconds
FN:112,formatKilobytes
FN:116,formatVitalValue
FN:124,isSyntheticProbe
FN:128,isServiceWorkerProbe
FN:138,eventTimingToRecord
FN:162,networkMeasurementValues
FNF:17
FNH:17
FNDA:125,round
FNDA:74,delta
FNDA:36,kilobytes
FNDA:11,shortName
FNDA:3,max
FNDA:12,getServerTiming
FNDA:12,getDeliveryType
FNDA:12,createTimingRecordBase
FNDA:1,navigationToRecord
FNDA:11,resourceToRecord
FNDA:5,formatMilliseconds
FNDA:2,formatKilobytes
FNDA:3,formatVitalValue
FNDA:2,isSyntheticProbe
FNDA:2,isServiceWorkerProbe
FNDA:1,eventTimingToRecord
FNDA:1,networkMeasurementValues
DA:6,125
DA:7,125
DA:8,125
DA:10,74
DA:11,74
DA:12,1
DA:13,1
DA:15,73
DA:16,73
DA:18,36
DA:19,36
DA:20,1
DA:21,1
DA:23,35
DA:24,35
DA:26,11
DA:27,11
DA:28,11
DA:29,11
DA:30,11
DA:31,1
DA:32,1
DA:33,11
DA:35,3
DA:36,3
DA:37,3
DA:39,12
DA:40,12
DA:41,2
DA:42,12
DA:43,12
DA:45,12
DA:46,12
DA:50,12
DA:51,12
DA:53,12
DA:54,12
DA:55,12
DA:56,12
DA:57,12
DA:58,12
DA:59,12
DA:60,12
DA:61,12
DA:62,12
DA:63,12
DA:64,1
DA:65,11
DA:66,12
DA:67,12
DA:68,12
DA:69,12
DA:70,12
DA:71,12
DA:72,12
DA:73,12
DA:74,12
DA:75,12
DA:76,12
DA:77,12
DA:78,12
DA:79,12
DA:80,12
DA:82,1
DA:83,1
DA:84,1
DA:85,1
DA:86,1
DA:87,1
DA:88,1
DA:89,1
DA:90,1
DA:91,1
DA:92,1
DA:93,1
DA:95,1
DA:96,11
DA:97,11
DA:98,11
DA:99,11
DA:100,11
DA:101,11
DA:102,11
DA:103,11
DA:104,11
DA:105,11
DA:106,11
DA:108,1
DA:109,5
DA:110,5
DA:112,1
DA:113,2
DA:114,2
DA:116,1
DA:117,3
DA:118,1
DA:119,1
DA:121,2
DA:122,2
DA:124,1
DA:125,2
DA:126,2
DA:128,1
DA:129,2
DA:130,2
DA:138,1
DA:139,1
DA:140,1
DA:141,1
DA:142,1
DA:143,1
DA:144,1
DA:145,1
DA:146,1
DA:147,1
DA:149,1
DA:150,1
DA:151,1
DA:152,1
DA:153,1
DA:154,1
DA:155,1
DA:156,1
DA:157,1
DA:158,1
DA:159,1
DA:160,1
DA:162,1
DA:163,1
DA:164,1
DA:165,1
DA:166,1
DA:167,1
DA:168,1
DA:169,1
DA:170,1
DA:171,1
DA:172,1
DA:173,1
DA:174,1
DA:175,1
DA:176,1
DA:177,1
LF:143
LH:143
BRDA:6,0,0,125
BRDA:10,1,0,74
BRDA:11,2,0,1
BRDA:13,3,0,73
BRDA:18,4,0,36
BRDA:19,5,0,1
BRDA:21,6,0,35
BRDA:26,7,0,11
BRDA:30,8,0,1
BRDA:35,9,0,3
BRDA:36,10,0,0
BRDA:39,11,0,12
BRDA:40,12,0,0
BRDA:40,13,0,2
BRDA:41,14,0,1
BRDA:41,15,0,1
BRDA:45,16,0,12
BRDA:53,17,0,12
BRDA:63,18,0,1
BRDA:64,19,0,11
BRDA:67,20,0,1
BRDA:67,21,0,11
BRDA:69,22,0,0
BRDA:74,23,0,0
BRDA:82,24,0,1
BRDA:95,25,0,11
BRDA:103,26,0,1
BRDA:108,27,0,5
BRDA:112,28,0,2
BRDA:116,29,0,3
BRDA:117,30,0,1
BRDA:119,31,0,2
BRDA:124,32,0,2
BRDA:128,33,0,2
BRDA:138,34,0,1
BRDA:142,35,0,0
BRDA:144,36,0,0
BRDA:144,37,0,0
BRDA:145,38,0,0
BRDA:150,39,0,0
BRDA:156,40,0,0
BRDA:162,41,0,1
BRF:42
BRH:32
end_of_record
TN:
SF:src/lib/telemetry-store-core.ts
FN:88,notify
FN:94,prepend
FN:99,subscribeTelemetry
FN:107,getTelemetryState
FN:111,getTelemetryServerSnapshot
FN:115,addNetworkRecord
FN:123,addEventTimingRecord
FN:131,addErrorRecord
FN:139,addTraceRun
FN:147,addWebVital
FNF:10
FNH:10
FNDA:9,notify
FNDA:9,prepend
FNDA:2,subscribeTelemetry
FNDA:6,getTelemetryState
FNDA:1,getTelemetryServerSnapshot
FNDA:1,addNetworkRecord
FNDA:1,addEventTimingRecord
FNDA:1,addErrorRecord
FNDA:1,addTraceRun
FNDA:5,addWebVital
DA:76,1
DA:77,1
DA:78,1
DA:79,1
DA:80,1
DA:81,1
DA:82,1
DA:84,1
DA:86,1
DA:88,9
DA:89,9
DA:90,1
DA:91,1
DA:92,9
DA:94,9
DA:95,9
DA:96,9
DA:97,9
DA:99,1
DA:100,2
DA:102,2
DA:103,2
DA:104,2
DA:105,2
DA:107,1
DA:108,6
DA:109,6
DA:111,1
DA:112,1
DA:113,1
DA:115,1
DA:116,1
DA:117,1
DA:118,1
DA:119,1
DA:120,1
DA:121,1
DA:123,1
DA:124,1
DA:125,1
DA:126,1
DA:127,1
DA:128,1
DA:129,1
DA:131,1
DA:132,1
DA:133,1
DA:134,1
DA:135,1
DA:136,1
DA:137,1
DA:139,1
DA:140,1
DA:141,1
DA:142,1
DA:143,1
DA:144,1
DA:145,1
DA:147,1
DA:148,5
DA:149,5
DA:150,5
DA:151,5
DA:152,5
DA:153,5
LF:65
LH:65
BRDA:88,0,0,9
BRDA:89,1,0,1
BRDA:94,2,0,9
BRDA:95,3,0,8
BRDA:99,4,0,2
BRDA:102,5,0,2
BRDA:107,6,0,6
BRDA:111,7,0,1
BRDA:115,8,0,1
BRDA:123,9,0,1
BRDA:131,10,0,1
BRDA:139,11,0,1
BRDA:147,12,0,5
BRF:13
BRH:13
end_of_record
