TN:
SF:src/lib/app-config.ts
FN:26,sectionFromPath
FNF:1
FNH:1
FNDA:6,sectionFromPath
DA:1,1
DA:2,1
DA:3,1
DA:4,1
DA:5,1
DA:6,1
DA:7,1
DA:8,1
DA:9,1
DA:10,1
DA:11,1
DA:12,1
DA:13,1
DA:14,1
DA:15,1
DA:17,1
DA:18,1
DA:19,1
DA:20,1
DA:21,1
DA:22,1
DA:23,1
DA:24,1
DA:26,1
DA:27,6
DA:28,1
DA:29,1
DA:31,6
DA:32,6
LF:29
LH:29
BRDA:5,0,0,0
BRDA:26,1,0,6
BRDA:27,2,0,1
BRDA:29,3,0,5
BRDA:31,4,0,1
BRF:5
BRH:4
end_of_record
TN:
SF:src/lib/performance.ts
FN:7,round
FN:11,delta
FN:19,kilobytes
FN:27,shortName
FN:36,max
FN:40,getServerTiming
FN:46,getDeliveryType
FN:54,createTimingRecordBase
FN:83,navigationToRecord
FN:96,resourceToRecord
FN:109,networkMeasurementValues
FN:126,formatMilliseconds
FN:130,formatKilobytes
FN:134,formatVitalValue
FN:142,isSyntheticProbe
FN:146,isServiceWorkerProbe
FN:156,eventTimingToRecord
FNF:17
FNH:17
FNDA:114,round
FNDA:68,delta
FNDA:33,kilobytes
FNDA:10,shortName
FNDA:3,max
FNDA:11,getServerTiming
FNDA:11,getDeliveryType
FNDA:11,createTimingRecordBase
FNDA:1,navigationToRecord
FNDA:10,resourceToRecord
FNDA:1,networkMeasurementValues
FNDA:5,formatMilliseconds
FNDA:2,formatKilobytes
FNDA:3,formatVitalValue
FNDA:2,isSyntheticProbe
FNDA:2,isServiceWorkerProbe
FNDA:1,eventTimingToRecord
DA:7,114
DA:8,114
DA:9,114
DA:11,68
DA:12,68
DA:13,1
DA:14,1
DA:16,67
DA:17,67
DA:19,33
DA:20,33
DA:21,1
DA:22,1
DA:24,32
DA:25,32
DA:27,10
DA:28,10
DA:29,10
DA:30,10
DA:31,10
DA:32,1
DA:33,1
DA:34,10
DA:36,3
DA:37,3
DA:38,3
DA:40,11
DA:41,11
DA:42,0
DA:43,11
DA:44,11
DA:46,11
DA:47,11
DA:51,11
DA:52,11
DA:54,11
DA:55,11
DA:56,11
DA:57,11
DA:58,11
DA:59,11
DA:60,11
DA:61,11
DA:62,11
DA:63,11
DA:64,11
DA:65,1
DA:66,10
DA:67,11
DA:68,11
DA:69,11
DA:70,11
DA:71,11
DA:72,11
DA:73,11
DA:74,11
DA:75,11
DA:76,11
DA:77,11
DA:78,11
DA:79,11
DA:80,11
DA:81,11
DA:83,1
DA:84,1
DA:85,1
DA:86,1
DA:87,1
DA:88,1
DA:89,1
DA:90,1
DA:91,1
DA:92,1
DA:93,1
DA:94,1
DA:96,1
DA:97,10
DA:98,10
DA:99,10
DA:100,10
DA:101,10
DA:102,10
DA:103,10
DA:104,10
DA:105,10
DA:106,10
DA:107,10
DA:109,1
DA:110,1
DA:111,1
DA:112,1
DA:113,1
DA:114,1
DA:115,1
DA:116,1
DA:117,1
DA:118,1
DA:119,1
DA:120,1
DA:121,1
DA:122,1
DA:123,1
DA:124,1
DA:126,1
DA:127,5
DA:128,5
DA:130,1
DA:131,2
DA:132,2
DA:134,1
DA:135,3
DA:136,1
DA:137,1
DA:139,2
DA:140,2
DA:142,1
DA:143,2
DA:144,2
DA:146,1
DA:147,2
DA:148,2
DA:156,1
DA:157,1
DA:158,1
DA:159,1
DA:160,1
DA:161,1
DA:162,1
DA:163,1
DA:164,1
DA:165,1
DA:167,1
DA:168,1
DA:169,1
DA:170,1
DA:171,1
DA:172,1
DA:173,1
DA:174,1
DA:175,1
DA:176,1
DA:177,1
DA:178,1
LF:143
LH:142
BRDA:7,0,0,114
BRDA:11,1,0,68
BRDA:12,2,0,1
BRDA:14,3,0,67
BRDA:19,4,0,33
BRDA:20,5,0,1
BRDA:22,6,0,32
BRDA:27,7,0,10
BRDA:31,8,0,1
BRDA:36,9,0,3
BRDA:37,10,0,0
BRDA:40,11,0,11
BRDA:41,12,0,0
BRDA:46,13,0,11
BRDA:54,14,0,11
BRDA:64,15,0,1
BRDA:65,16,0,10
BRDA:68,17,0,1
BRDA:68,18,0,10
BRDA:70,19,0,0
BRDA:75,20,0,0
BRDA:83,21,0,1
BRDA:96,22,0,10
BRDA:104,23,0,1
BRDA:109,24,0,1
BRDA:126,25,0,5
BRDA:130,26,0,2
BRDA:134,27,0,3
BRDA:135,28,0,1
BRDA:137,29,0,2
BRDA:142,30,0,2
BRDA:146,31,0,2
BRDA:156,32,0,1
BRDA:160,33,0,0
BRDA:162,34,0,0
BRDA:162,35,0,0
BRDA:163,36,0,0
BRDA:168,37,0,0
BRDA:174,38,0,0
BRF:39
BRH:29
end_of_record
TN:
SF:src/lib/telemetry-store-core.ts
FN:88,notify
FN:94,prepend
FN:99,subscribeTelemetry
FN:107,getTelemetryState
FN:111,getTelemetryServerSnapshot
FN:115,addWebVital
FN:123,addNetworkRecord
FN:131,addEventTimingRecord
FN:139,addErrorRecord
FN:147,addTraceRun
FNF:10
FNH:10
FNDA:9,notify
FNDA:9,prepend
FNDA:2,subscribeTelemetry
FNDA:6,getTelemetryState
FNDA:1,getTelemetryServerSnapshot
FNDA:5,addWebVital
FNDA:1,addNetworkRecord
FNDA:1,addEventTimingRecord
FNDA:1,addErrorRecord
FNDA:1,addTraceRun
DA:76,1
DA:77,1
DA:78,1
DA:79,1
DA:80,1
DA:81,1
DA:82,1
DA:84,1
DA:86,1
DA:88,9
DA:89,9
DA:90,1
DA:91,1
DA:92,9
DA:94,9
DA:95,9
DA:96,9
DA:97,9
DA:99,1
DA:100,2
DA:102,2
DA:103,2
DA:104,2
DA:105,2
DA:107,1
DA:108,6
DA:109,6
DA:111,1
DA:112,1
DA:113,1
DA:115,1
DA:116,5
DA:117,5
DA:118,5
DA:119,5
DA:120,5
DA:121,5
DA:123,1
DA:124,1
DA:125,1
DA:126,1
DA:127,1
DA:128,1
DA:129,1
DA:131,1
DA:132,1
DA:133,1
DA:134,1
DA:135,1
DA:136,1
DA:137,1
DA:139,1
DA:140,1
DA:141,1
DA:142,1
DA:143,1
DA:144,1
DA:145,1
DA:147,1
DA:148,1
DA:149,1
DA:150,1
DA:151,1
DA:152,1
DA:153,1
LF:65
LH:65
BRDA:88,0,0,9
BRDA:89,1,0,1
BRDA:94,2,0,9
BRDA:95,3,0,8
BRDA:99,4,0,2
BRDA:102,5,0,2
BRDA:107,6,0,6
BRDA:111,7,0,1
BRDA:115,8,0,5
BRDA:123,9,0,1
BRDA:131,10,0,1
BRDA:139,11,0,1
BRDA:147,12,0,1
BRF:13
BRH:13
end_of_record
